15
 energy: -25.404338997932 gnorm: 0.048763646701 xtb: 6.3.3 (5b13467)
O        -1.16609362000000    1.93035252000000   -0.43340026000000
H        -0.94466589000000    2.68109885000000   -0.98438261000000
H        -1.11511917000000    1.17729701000000   -1.02207746000000
O        -0.88582246000000   -0.19399696000000   -2.10575329000000
H        -0.13544057000000   -0.69672072000000   -1.78885002000000
H        -1.50399687000000   -0.85553833000000   -2.41632578000000
O         1.17064948000000   -1.20209127000000    1.57702651000000
H         0.70741854000000   -0.38024831000000    1.73896197000000
H         0.92673397000000   -1.76401234000000    2.31254115000000
O        -0.27538246000000    1.07436048000000    1.99204725000000
H        -0.67965846000000    1.66702609000000    2.62571928000000
H        -0.59265774000000    1.37922852000000    1.14197448000000
O         1.18690596000000   -1.63904580000000   -1.10550265000000
H         1.17441771000000   -1.52076746000000   -0.15572050000000
H         2.11618946000000   -1.64033052000000   -1.33498546000000
15
 energy: -25.406167597555 gnorm: 0.014302671483 xtb: 6.3.3 (5b13467)
O        -1.19198033992997    1.93651707353286   -0.43595349196477
H        -0.92630825020676    2.67896306409745   -0.98264093365767
H        -1.12544415237755    1.15986086278416   -1.01588775526295
O        -0.87698360460619   -0.18671719471555   -2.13036797553037
H        -0.11558548004658   -0.68342220054877   -1.78686737058109
H        -1.50986017314699   -0.85529625119999   -2.40045119131255
O         1.19564078399951   -1.20187250942175    1.58863808402827
H         0.72160078247036   -0.36740399315004    1.72614338183033
H         0.91318938880177   -1.77174296135435    2.30693655817959
O        -0.28057727167622    1.07394357110161    1.99749187923607
H        -0.68122268109499    1.66713907397264    2.63446465568961
H        -0.58986029736607    1.38299275338333    1.13069438177851
O         1.18338832844536   -1.66624649768849   -1.10758430391020
H         1.15337463744010   -1.52633801387257   -0.14659223312992
H         2.11410620929424   -1.62376501692050   -1.33675107539288
15
 energy: -25.406669057943 gnorm: 0.006517072396 xtb: 6.3.3 (5b13467)
O        -1.20796791839136    1.92792073960957   -0.43859373974704
H        -0.90711932754920    2.67364734616411   -0.96518789077395
H        -1.14019875692091    1.14961292135681   -1.02817520770260
O        -0.85881739817882   -0.18107612336665   -2.13606551140473
H        -0.09657693297155   -0.68842370474269   -1.78924736678777
H        -1.51452466726737   -0.83905098295352   -2.38069161401531
O         1.20825767498416   -1.19397326545699    1.59129961592721
H         0.73718364036290   -0.35129993544527    1.72822117057491
H         0.90060863316991   -1.77905113676736    2.28862727389115
O        -0.27313659300880    1.08149705621411    1.98881516330053
H        -0.68162726166550    1.65971036295147    2.63467209619617
H        -0.60378212131220    1.37824351201707    1.11748508008660
O         1.17284114274603   -1.67746888691097   -1.09685258546768
H         1.15012005937730   -1.53727906552728   -0.12862758350272
H         2.09821770662548   -1.60639707714238   -1.34440629057477
15
 energy: -25.406993678604 gnorm: 0.011836546794 xtb: 6.3.3 (5b13467)
O        -1.23215962305688    1.90759116582519   -0.44087699590015
H        -0.88735433120519    2.65951633703977   -0.93505401840955
H        -1.14860277306680    1.13540390363771   -1.04481807942882
O        -0.82992652083476   -0.17268852974615   -2.13817772632216
H        -0.07616509455082   -0.69871010001836   -1.78600142819198
H        -1.51534760963551   -0.81175656488286   -2.35469239729912
O         1.22086613122212   -1.18015979502977    1.59018593367881
H         0.75394712419065   -0.33267757770569    1.73134186048344
H         0.88587438186265   -1.78439274075991    2.25970188066437
O        -0.27223972826604    1.08216621505113    1.97046601639658
H        -0.67901443211820    1.64799568998008    2.62798928142433
H        -0.60942428412659    1.38348486914383    1.09824907654721
O         1.15408954877774   -1.68980035232789   -1.07807811112125
H         1.14925831294147   -1.54535013181411   -0.10542586319085
H         2.06967677786623   -1.58401062839290   -1.35353681933089
15
 energy: -25.407235479108 gnorm: 0.011571681981 xtb: 6.3.3 (5b13467)
O        -1.24659382402176    1.88513202629446   -0.44080023397590
H        -0.87970907096325    2.64191361151534   -0.90686365956412
H        -1.14710773008799    1.12121682305701   -1.05674656688899
O        -0.79990949588853   -0.16144997662209   -2.13821296679380
H        -0.06023598469568   -0.70483805505435   -1.77490208531387
H        -1.50853784997793   -0.78135326264785   -2.33288900482578
O         1.23327455036285   -1.16477609370575    1.58685536521873
H         0.76590235833550   -0.31767296098203    1.72990772772123
H         0.87407849351710   -1.78390601548115    2.22972520947528
O        -0.25161805444983    1.09381629672813    1.94784559755176
H        -0.68048692003365    1.63122686321819    2.61626916863685
H        -0.62810426681982    1.37259279060220    1.08066275906894
O         1.13228794337381   -1.69979004226986   -1.05865257891911
H         1.14311712842135   -1.54580252129664   -0.08531321906809
H         2.03712060292802   -1.56969772335544   -1.35561290232320
15
 energy: -25.407405364439 gnorm: 0.006225689391 xtb: 6.3.3 (5b13467)
O        -1.27153286196222    1.86061615404315   -0.43888402971392
H        -0.87481790379666    2.61740721461254   -0.87683723849846
H        -1.13781135483619    1.10335439089013   -1.05864841498646
O        -0.77058965663006   -0.14954860978928   -2.13499899878737
H        -0.04768329802585   -0.70667114002758   -1.75760741364759
H        -1.49362427218223   -0.75083045970553   -2.31686071456716
O         1.24451433900644   -1.14970194697075    1.58124988489722
H         0.77458301238461   -0.30490328935219    1.71954038107125
H         0.86645914789380   -1.77390593490238    2.20300263590352
O        -0.25181687936227    1.08686416215522    1.92290426694362
H        -0.68097713480769    1.61080521483227    2.59981606655083
H        -0.61635518842509    1.38453862564395    1.06050015249731
O         1.10810127341279   -1.71066815876334   -1.03917587620935
H         1.13405611224681   -1.54029287713601   -0.06875880459334
H         2.00097254508414   -1.56045158552990   -1.35396928686023
15
 energy: -25.407484155122 gnorm: 0.005043531920 xtb: 6.3.3 (5b13467)
O        -1.27685162662962    1.85673460471041   -0.43956342822995
H        -0.87175966412612    2.61410534299856   -0.86762731341519
H        -1.13288080190374    1.10377647471705   -1.05968199775635
O        -0.76311731276855   -0.14701514898409   -2.13808214289107
H        -0.05067618319431   -0.70839791002416   -1.75064069822893
H        -1.49304896542621   -0.74302488270969   -2.31191400492443
O         1.25230507753786   -1.14536755046786    1.58435197849551
H         0.78198285887528   -0.30025366024843    1.71397787698233
H         0.85444797057166   -1.76846156673071    2.19695314171588
O        -0.23109322864537    1.09735117467463    1.91595139387386
H        -0.68939401912926    1.59930542748757    2.59293174101465
H        -0.62822681778037    1.36844507393302    1.05797955622473
O         1.10368398478824   -1.71596027020201   -1.03357791850751
H         1.13483666155760   -1.53548232406885   -0.06651889019224
H         1.99326994627329   -1.55914302508510   -1.35326668416141
15
 energy: -25.407513181248 gnorm: 0.002284494160 xtb: 6.3.3 (5b13467)
O        -1.27538500958678    1.85741543142793   -0.44022442437408
H        -0.87532498758243    2.61866533112383   -0.86158064008785
H        -1.13320265149238    1.10984568191856   -1.06414155475787
O        -0.76339628967014   -0.14900468319302   -2.13875609711353
H        -0.05565077592414   -0.71355301216889   -1.75134953442463
H        -1.49598252158571   -0.74031767439366   -2.31607678643421
O         1.25112301224768   -1.14702394091594    1.58754567918749
H         0.78757146718759   -0.29782911709244    1.71526116343928
H         0.85071160032952   -1.76393345626667    2.20141832564692
O        -0.22811012146112    1.09853267971957    1.91599441224875
H        -0.69312647256727    1.59578667607084    2.59013635074588
H        -0.62790086442668    1.36438180885677    1.05854228503922
O         1.10585431318159   -1.71755854318602   -1.03210207404970
H         1.14255567226473   -1.53752960155873   -0.06634450555509
H         1.99374150908592   -1.56126582034179   -1.35704998951070
15
 energy: -25.407535641551 gnorm: 0.005588062853 xtb: 6.3.3 (5b13467)
O        -1.29070459501783    1.85424132106152   -0.44264997419483
H        -0.86951830015793    2.62286507098975   -0.83790950101354
H        -1.13456869831583    1.11735632661069   -1.07453896668210
O        -0.75782525170156   -0.15142135455411   -2.14239462038941
H        -0.06244331754010   -0.72558567793733   -1.75031962026342
H        -1.50211552333769   -0.72953630170262   -2.31926508583903
O         1.26183164464611   -1.14351330760792    1.59770186502842
H         0.80701557645230   -0.28743574673415    1.71698490025842
H         0.83091788660018   -1.75830546362815    2.19759914513018
O        -0.22100766079043    1.10233644023122    1.90906989552132
H        -0.70288174377148    1.58219624384238    2.58267299400312
H        -0.62604396757571    1.36147069476271    1.05321948114641
O         1.10563635847786   -1.72383109765196   -1.02354783405251
H         1.15781473370518   -1.54060596047612   -0.05981525574060
H         1.98737073832738   -1.56361942720553   -1.36553481291255
15
 energy: -25.407558787021 gnorm: 0.003570608982 xtb: 6.3.3 (5b13467)
O        -1.29158190784905    1.85545789867294   -0.44284179957283
H        -0.87560032412268    2.62289465886101   -0.83912755340338
H        -1.13341736670006    1.11658998484771   -1.07229900347018
O        -0.75803864774908   -0.15052768921420   -2.14474718108334
H        -0.06260439618685   -0.72354342742000   -1.75067645892259
H        -1.50110025685096   -0.72847551765309   -2.32339780359911
O         1.26207882705344   -1.14395337503340    1.59847059402442
H         0.80923523516277   -0.28740295115452    1.72019754930698
H         0.83369563480224   -1.75790408083328    2.19811994301478
O        -0.21635919240424    1.10732249642509    1.90796617538785
H        -0.70985701334133    1.57497592207820    2.58512417990106
H        -0.62107132743696    1.36769684214323    1.05222558012129
O         1.10523310256247   -1.72512387180043   -1.02357885696943
H         1.15621234928745   -1.54202569160168   -0.05964806360952
H         1.98665316377333   -1.56936943831716   -1.36451469112614
15
 energy: -25.407568139937 gnorm: 0.001750205803 xtb: 6.3.3 (5b13467)
O        -1.29364100576956    1.85576349867612   -0.44340163571272
H        -0.87672511416149    2.62243299034370   -0.83813367243271
H        -1.13459610891478    1.11555295481210   -1.07161697319974
O        -0.75747818198374   -0.14954877154032   -2.14621083928085
H        -0.06160592607462   -0.72112761401377   -1.74973101196052
H        -1.49902872397465   -0.72757818313225   -2.32710580228538
O         1.26433669647286   -1.14337064621972    1.59974538524799
H         0.81067330191789   -0.28773484492652    1.72293107839741
H         0.83599719539693   -1.75827776554146    2.19672726140548
O        -0.21743917525845    1.10899676804386    1.90710623894748
H        -0.70886959111978    1.57298002289379    2.58581153995268
H        -0.62120143031559    1.37058922131468    1.05074828341234
O         1.10374387601506   -1.72893220608528   -1.02254480100273
H         1.15432417774727   -1.54234328536615   -0.05860371959987
H         1.98498789002318   -1.57079037925831   -1.36444872188901
15
 energy: -25.407577634922 gnorm: 0.003821193293 xtb: 6.3.3 (5b13467)
O        -1.30274098074379    1.85352056628884   -0.44527103744654
H        -0.87379822334212    2.62142145955124   -0.82687137885628
H        -1.13838085401626    1.11551630881619   -1.07497907553639
O        -0.75417830652119   -0.14857759429297   -2.14823744893690
H        -0.06176102876750   -0.72211905942835   -1.74855250107409
H        -1.49882495131018   -0.72161475147393   -2.33178680604492
O         1.27169036737162   -1.14050875305260    1.60414381498693
H         0.82224957279583   -0.28239959705743    1.72606190854827
H         0.83004354375735   -1.75584406564634    2.19076274179561
O        -0.20633706894184    1.11991468704355    1.90078501369084
H        -0.71918226093424    1.55519929132564    2.58522193270985
H        -0.62082519904543    1.37468141824985    1.04570492432363
O         1.10057213952867   -1.73155912202111   -1.01713446441888
H         1.15575268617088   -1.54235658772764   -0.05369587260032
H         1.97919844399881   -1.57866244057441   -1.36487914114099
15
 energy: -25.407582194418 gnorm: 0.003745685518 xtb: 6.3.3 (5b13467)
O        -1.30210522525202    1.85349317400268   -0.44549609350159
H        -0.87464012243677    2.62073420259230   -0.82651924726001
H        -1.13940376379234    1.11514938698059   -1.07461994626272
O        -0.75443236814035   -0.14889966767703   -2.14843448968734
H        -0.06276754850985   -0.72286272274690   -1.74831280822271
H        -1.50010130449024   -0.72188308033416   -2.33261483232388
O         1.27515923313235   -1.13912908422759    1.60626134521214
H         0.82587525242331   -0.28038431587471    1.72536312076683
H         0.82331382345968   -1.75608445512782    2.18709598651155
O        -0.20514119879138    1.12164918149075    1.89997039895589
H        -0.72109132622547    1.54859551572300    2.58586029765290
H        -0.61829244479948    1.37783091790676    1.04524045764050
O         1.10044259051305   -1.72964736277383   -1.01544071771157
H         1.15752704279027   -1.54023626022564   -0.05231867858656
H         1.97913524011987   -1.58171366970785   -1.36476218318361
15
 energy: -25.407598690629 gnorm: 0.001499182949 xtb: 6.3.3 (5b13467)
O        -1.30172904986773    1.85495305822841   -0.44529702077830
H        -0.86861342413554    2.61960800043380   -0.82794993601621
H        -1.14039983546195    1.11492080415729   -1.07262640828418
O        -0.75726852220488   -0.15005058650181   -2.14654363104285
H        -0.06421978625569   -0.72246298180393   -1.74725618424614
H        -1.50043637658962   -0.72663074983388   -2.33368716648210
O         1.27167578213039   -1.13920271764278    1.60488779992946
H         0.82485667760895   -0.27896715295288    1.72336970828027
H         0.82205031774364   -1.75391341493216    2.18728831525237
O        -0.20243400439821    1.12463935958889    1.90001135643609
H        -0.72310928836675    1.54102257650885    2.58708214175905
H        -0.61773738748541    1.37944042378962    1.04625154328102
O         1.10060101838878   -1.72681905298138   -1.01572843026843
H         1.15909473400664   -1.53712466041123   -0.05309959615131
H         1.98114702488798   -1.58280114564629   -1.36542988166891
15
 energy: -25.407601555832 gnorm: 0.008233405040 xtb: 6.3.3 (5b13467)
O        -1.30133120793902    1.85796192925102   -0.44297028286903
H        -0.85573763439161    2.61509377367064   -0.82765169226522
H        -1.14782911512051    1.11433934931735   -1.06699486151140
O        -0.76899714352907   -0.15423478960733   -2.13551048749970
H        -0.06888455422070   -0.71844478041241   -1.73991645228576
H        -1.49350656602825   -0.74232191855779   -2.34742028555507
O         1.26668227752508   -1.13510373015226    1.60383021121266
H         0.82983393230849   -0.26854219037197    1.71794463564206
H         0.80656851604857   -1.74591879209009    2.18078568885385
O        -0.17882971600131    1.14402793593146    1.89587086720804
H        -0.74224937159785    1.49828635951105    2.59093911745993
H        -0.60592977642541    1.39176277876555    1.04638755431549
O         1.09766968692614   -1.72295233619123   -1.01374011461143
H         1.16325494119852   -1.52535330867165   -0.05320953309455
H         1.98276361124757   -1.59198852039176   -1.36707175500002
15
 energy: -25.407629536625 gnorm: 0.003312751991 xtb: 6.3.3 (5b13467)
O        -1.29929087019407    1.85872994876253   -0.44072800409307
H        -0.85427327165865    2.61401839555660   -0.83076958835147
H        -1.15127587111119    1.11337406366221   -1.06463912889627
O        -0.77350129524384   -0.15403948651490   -2.13465412091459
H        -0.06846832839578   -0.71412412306799   -1.74082829544987
H        -1.49154548746955   -0.74893086204177   -2.34972005847190
O         1.26364280402691   -1.13380799605194    1.60109991111164
H         0.82529858869702   -0.26847803233524    1.71741694059970
H         0.80856056849786   -1.74582426730915    2.17982516775274
O        -0.17981268966601    1.14312357892042    1.89812943655404
H        -0.73751547515670    1.49806136078354    2.59194517111199
H        -0.60512103848168    1.39228944623886    1.04824036197798
O         1.09998008393784   -1.71522551930425   -1.01739803969415
H         1.15880622602158   -1.52181707762140   -0.05603792307894
H         1.98799393619692   -1.60073766967694   -1.36060922015798
15
 energy: -25.407641684264 gnorm: 0.003945679763 xtb: 6.3.3 (5b13467)
O        -1.30262941828496    1.85467316647895   -0.43877724760695
H        -0.85889415235744    2.61114755382298   -0.82424195865708
H        -1.15261927930772    1.11089593561086   -1.06541135046873
O        -0.76718824991312   -0.15051529482750   -2.14254210050607
H        -0.06723021660800   -0.71506910577645   -1.74127984691917
H        -1.49415748465433   -0.74365853522746   -2.34707867545442
O         1.26523330242009   -1.12998774071371    1.60199533600352
H         0.82938681120915   -0.26315860881169    1.71951520285875
H         0.80386689976233   -1.74302111146290    2.17495093361991
O        -0.17377290002612    1.14771471390884    1.89531287568415
H        -0.74190232875076    1.48601481093897    2.59004135845812
H        -0.59873540970144    1.39714783832406    1.04494272871536
O         1.09866496969895   -1.71778789412587   -1.01485211351464
H         1.15754356796206   -1.52178260876286   -0.05317410630008
H         1.98591176855203   -1.60600135937554   -1.35812842591286
15
 energy: -25.407654088882 gnorm: 0.002092459674 xtb: 6.3.3 (5b13467)
O        -1.30410624107106    1.85359247733579   -0.43665867802045
H        -0.85993591489287    2.61016590146489   -0.82112211385404
H        -1.15514849402983    1.11088633820805   -1.06472909310520
O        -0.76864176238388   -0.15083939533573   -2.14026650397123
H        -0.06631387690312   -0.71412743126767   -1.74287106258082
H        -1.49138189395513   -0.74487917949325   -2.35138836627921
O         1.26551757246777   -1.12806793772938    1.60283489158581
H         0.83123861897627   -0.25986076951263    1.71949109436853
H         0.79770107774519   -1.74102683830676    2.17279451625240
O        -0.16869464452370    1.15121191943892    1.89508966151808
H        -0.74263707604893    1.48059822805096    2.58834174342111
H        -0.59584257483513    1.39770415553561    1.04436645358259
O         1.09815103214908   -1.71898895932056   -1.01410331533023
H         1.15802832314455   -1.52177990615939   -0.05237564990086
H         1.98554373416153   -1.60797684290814   -1.35813096768667
15
 energy: -25.407665327869 gnorm: 0.003147703878 xtb: 6.3.3 (5b13467)
O        -1.30663134773044    1.85163828692382   -0.43209274611836
H        -0.85946976733762    2.60672020137887   -0.81654631747627
H        -1.16128723332505    1.10955097331038   -1.06129230026212
O        -0.77234068172381   -0.15125594319209   -2.13760767677604
H        -0.06617827835630   -0.71167329179584   -1.74456685558356
H        -1.48694366772058   -0.74968347950838   -2.36001416368474
O         1.26264156780612   -1.12449446267451    1.60247760918368
H         0.83342995447502   -0.25277871653224    1.71832266202918
H         0.78770026417638   -1.73438308782712    2.16966329648796
O        -0.15499174041653    1.16237750931280    1.89457768140081
H        -0.74948152104451    1.46010918023224    2.58686701783935
H        -0.58509245866672    1.40451527880920    1.04372588693482
O         1.09783253526417   -1.71836808748302   -1.01403189404497
H         1.15703984068915   -1.52062889367411   -0.05239560424596
H         1.98725041391154   -1.61503370727920   -1.35581398568398
15
 energy: -25.407677652070 gnorm: 0.002273221958 xtb: 6.3.3 (5b13467)
O        -1.30715958303330    1.84777649617912   -0.42674348106450
H        -0.86443170527167    2.60344104108205   -0.81427870239647
H        -1.16473455611007    1.10693591607821   -1.05779833534749
O        -0.77273676952598   -0.15066508861818   -2.13747532000075
H        -0.06459534720044   -0.71051228309529   -1.74716233238521
H        -1.48292145780411   -0.75138736388306   -2.36528980056442
O         1.25715530802298   -1.12256987749575    1.60049528378739
H         0.83241860985909   -0.24798903736375    1.71763078685323
H         0.78058129557335   -1.72876572825134    2.16954490314393
O        -0.14589065173032    1.16962768303182    1.89655156994428
H        -0.75105889255481    1.45007519081712    2.58482026411566
H        -0.57478617024313    1.40981740928103    1.04423086653609
O         1.09805415588542   -1.72107079219006   -1.01547252391464
H         1.15464503162697   -1.52275679399441   -0.05341417600672
H         1.98893861250690   -1.61534501157663   -1.35436639270063
15
 energy: -25.407690698266 gnorm: 0.003269223687 xtb: 6.3.3 (5b13467)
O        -1.30911857324033    1.84229579155611   -0.42067888171676
H        -0.87114328470489    2.59897414910703   -0.81139373527595
H        -1.16674635087166    1.10223983617664   -1.05258398168947
O        -0.77230164920011   -0.15062977629967   -2.13863939673990
H        -0.06414216884692   -0.71119244454379   -1.74896974045771
H        -1.47947556087710   -0.75301770576732   -2.37258668249903
O         1.24965260564349   -1.12041783281053    1.59795266090326
H         0.83457405661992   -0.24043394890300    1.71674934758504
H         0.76791045907917   -1.72106269861375    2.16824444545500
O        -0.13077250007085    1.18328537103893    1.89863085051553
H        -0.75560760938144    1.43046541814234    2.58346718620556
H        -0.56090575280088    1.41934552881753    1.04517802564226
O         1.09861869537126   -1.72205767770831   -1.01719358783310
H         1.15168058472684   -1.52387457577201   -0.05491176419179
H         1.99125492855446   -1.61730767441917   -1.35199213590324
15
 energy: -25.407713111200 gnorm: 0.001208275986 xtb: 6.3.3 (5b13467)
O        -1.30566134486443    1.84056154070387   -0.42117743328227
H        -0.87673578584394    2.60151205735235   -0.81581831916540
H        -1.16098080440215    1.10047415457004   -1.05242308561124
O        -0.76931217003684   -0.15115556856101   -2.14093007810998
H        -0.06446807804966   -0.71304969307438   -1.74736799081913
H        -1.48105326235108   -0.75034337855578   -2.37021583904256
O         1.24695991549528   -1.12032220719372    1.59629133020092
H         0.83406921230134   -0.23998266091191    1.71578158713658
H         0.76886784181476   -1.71955310724966    2.17162978277437
O        -0.12818235180799    1.18871517660599    1.90024554115695
H        -0.75694144800169    1.42252062136258    2.58458294131391
H        -0.56081422851560    1.42003992682907    1.04705870945447
O         1.09806661169179   -1.72359558952545   -1.01763417942075
H         1.15029746960980   -1.52454579143867   -0.05571585914855
H         1.98936630296136   -1.61466372091229   -1.35303449743759
15
 energy: -25.407741882925 gnorm: 0.004511263667 xtb: 6.3.3 (5b13467)
O        -1.29503248455912    1.83300332225234   -0.42141671784263
H        -0.90450704545921    2.61102059056107   -0.82955691128288
H        -1.13841426280887    1.09505331245606   -1.05226753468355
O        -0.75969267245124   -0.15343860147275   -2.14605265964727
H        -0.06384948178842   -0.72389268950101   -1.74854034738382
H        -1.48742584268452   -0.73930216252081   -2.36275322517099
O         1.23696119520621   -1.12053494371537    1.59168159570839
H         0.83249224523171   -0.23788476141791    1.71300139039955
H         0.77290686146815   -1.71339390417940    2.18637943555208
O        -0.12022158509696    1.20215189843692    1.90803944085929
H        -0.76949034465023    1.39145608093788    2.58578756847569
H        -0.54303387027381    1.43629999360675    1.05149840569502
O         1.09553722782549   -1.73005569784596   -1.01923059843766
H         1.14463585629277   -1.52934361067453   -0.05811526837923
H         1.98261208374898   -1.60452706692226   -1.35718196386225
15
 energy: -25.407755345461 gnorm: 0.002668556436 xtb: 6.3.3 (5b13467)
O        -1.29377249851495    1.83289253337097   -0.42187546049880
H        -0.90685241902262    2.61084297751935   -0.83042938308542
H        -1.13511578063224    1.09505580100887   -1.05256701106327
O        -0.75891295709818   -0.15359118563142   -2.14586120501997
H        -0.06315633679874   -0.72589048124496   -1.75038781348082
H        -1.48815867173350   -0.73740625723328   -2.36140623897042
O         1.23564260929095   -1.11906072678847    1.59143808379117
H         0.83203018742921   -0.23553052715129    1.71226935564559
H         0.77396660254140   -1.71025307351387    2.18902981167843
O        -0.11717791929573    1.20605478438494    1.90913847639877
H        -0.77271650957515    1.38210148256368    2.58545476533329
H        -0.54070821413373    1.43782953455540    1.05233966148594
O         1.09461993643079   -1.73233570249434   -1.01979784788482
H         1.14228728307804   -1.53185362743123   -0.05849373436446
H         1.98150256803538   -1.60224377191334   -1.35757884996549
15
 energy: -25.407768627054 gnorm: 0.001774440250 xtb: 6.3.3 (5b13467)
O        -1.29025967465848    1.83152499283500   -0.42143454304277
H        -0.91545761214484    2.61168187100888   -0.83207680808213
H        -1.12812511397772    1.09545523751485   -1.05385204039085
O        -0.75666949173313   -0.15349937766647   -2.14602640558918
H        -0.06141549316271   -0.72943072928854   -1.75383966968177
H        -1.48919995412640   -0.73328032683641   -2.35827032271395
O         1.23181581667289   -1.11544097320588    1.59021177503688
H         0.83086182693039   -0.22960464287383    1.71174383389879
H         0.77737229599927   -1.70273920501335    2.19605536345255
O        -0.11141030479478    1.21131928057989    1.91186279902956
H        -0.78087133544566    1.36061817320062    2.58238409093829
H        -0.53085634623635    1.44461328694204    1.05349463283043
O         1.09215319138492   -1.73808988619763   -1.02125208087903
H         1.13687272166533   -1.53836699956403   -0.05961849590484
H         1.97866735362819   -1.59814894143412   -1.35810951890225
15
 energy: -25.407773310569 gnorm: 0.000953591668 xtb: 6.3.3 (5b13467)
O        -1.28791361606891    1.83041289726940   -0.42005876078439
H        -0.92176484623212    2.61333877073670   -0.83326368457825
H        -1.12485056993876    1.09549558993910   -1.05381038806676
O        -0.75504877657606   -0.15246107731230   -2.14693100332561
H        -0.06040344409906   -0.72965359942331   -1.75521897338090
H        -1.48894788387583   -0.73116203018585   -2.35718439284757
O         1.23018040531119   -1.11347263519814    1.58916310136656
H         0.82927733506652   -0.22703719132655    1.71090140100874
H         0.78046789543689   -1.69907628126856    2.19994261606130
O        -0.10953873000989    1.21153192242135    1.91288897459169
H        -0.78312703263585    1.35246775088124    2.57989542003014
H        -0.52675695851552    1.44660988115024    1.05389821532245
O         1.09054849043247   -1.74044560328186   -1.02177162242878
H         1.13398311108795   -1.54106829365393   -0.06009534757815
H         1.97737250061789   -1.59886834074653   -1.35708294539078
15
 energy: -25.407774047601 gnorm: 0.002413754113 xtb: 6.3.3 (5b13467)
O        -1.28269993696605    1.82795096822340   -0.41755891919706
H        -0.93568165847721    2.61741784830021   -0.83734415083197
H        -1.11612925893139    1.09436233654324   -1.05224036151294
O        -0.75087551010392   -0.15028194342264   -2.14945271289714
H        -0.05891580480193   -0.73018573155322   -1.75672315819773
H        -1.48900787076817   -0.72603138684891   -2.35460874666090
O         1.22647361704165   -1.10953155553704    1.58584703017701
H         0.82639359158229   -0.22206313208118    1.70776885049294
H         0.78774966629062   -1.69106383299736    2.20901351067324
O        -0.10354702878396    1.21703675605207    1.91557975646703
H        -0.79178945790190    1.32909736907495    2.57504892217669
H        -0.51664472412381    1.45211950500788    1.05446688525805
O         1.08660425990453   -1.74531303354161   -1.02240828417855
H         1.12769744114849   -1.54491280746202   -0.06109079473310
H         1.97385055489170   -1.60198959975675   -1.35502521703587
15
 energy: -25.407777781496 gnorm: 0.000718550506 xtb: 6.3.3 (5b13467)
O        -1.28446937876039    1.82888195224796   -0.41742472901711
H        -0.93292763532854    2.61660478853771   -0.83570973704022
H        -1.11857458219081    1.09469106247379   -1.05141286775009
O        -0.75149651584680   -0.14944965885797   -2.14909286191996
H        -0.05911340254606   -0.72830786642317   -1.75597498460632
H        -1.48784228076289   -0.72681337621620   -2.35620273784468
O         1.22792937917858   -1.10969639993779    1.58574531610144
H         0.82659040024342   -0.22296278407949    1.70777069926179
H         0.78909770311776   -1.69197737219241    2.20796811093127
O        -0.10559055639143    1.21473817591460    1.91445267572591
H        -0.79039267971503    1.33301272710432    2.57428543037145
H        -0.51871426646029    1.45085343236406    1.05350978679556
O         1.08638661063651   -1.74426756039516   -1.02183589792624
H         1.12828297704835   -1.54308693713468   -0.06069926959615
H         1.97431210777857   -1.60560842340456   -1.35410632348697
15
 energy: -25.407779510174 gnorm: 0.000629649353 xtb: 6.3.3 (5b13467)
O        -1.28559751780687    1.82995168530153   -0.41733206941288
H        -0.93095901628753    2.61654882327879   -0.83358367074669
H        -1.12061745214507    1.09630682185139   -1.05202726328929
O        -0.75199386197577   -0.14860410420988   -2.14788067080276
H        -0.05922186459769   -0.72766546106244   -1.75591892373952
H        -1.48664182439670   -0.72649338613435   -2.35866426873849
O         1.22968900887848   -1.10859220209702    1.58565546258915
H         0.82769938139016   -0.22218015184345    1.70769298061659
H         0.79218999774696   -1.69085264522345    2.20833410405073
O        -0.10658861044005    1.21458435083738    1.91381041700417
H        -0.79197013158685    1.32996178150153    2.57296005518887
H        -0.51957460830157    1.45114830012293    1.05285688217511
O         1.08513631305703   -1.74459212291816   -1.02103270838417
H         1.12798674200770   -1.54203443680293   -0.06008529416668
H         1.97394132445874   -1.61087549260085   -1.35351242234446
15
 energy: -25.407781443517 gnorm: 0.000672432937 xtb: 6.3.3 (5b13467)
O        -1.28618144235065    1.83095757844371   -0.41710199166669
H        -0.93122418426883    2.61780452234779   -0.83258743672574
H        -1.12087675886257    1.09754666409073   -1.05197124050601
O        -0.75130243315593   -0.14706868849317   -2.14794228239691
H        -0.05932180847697   -0.72649989623520   -1.75514438131319
H        -1.48525537927393   -0.72490715408401   -2.36136141445891
O         1.23175690690124   -1.10645318847220    1.58515352924557
H         0.82899115917018   -0.22032772778709    1.70676995780762
H         0.79763723640778   -1.68816972266203    2.21061099041718
O        -0.10739688066385    1.21524275713527    1.91376117073704
H        -0.79565392574175    1.32224458093336    2.57126562403895
H        -0.51955898080126    1.45257031554268    1.05256194396467
O         1.08269016204379   -1.74622664707932   -1.02012344863477
H         1.12677005722227   -1.54152538979829   -0.05956778904672
H         1.97240415185149   -1.61857624388120   -1.35305062146244
15
 energy: -25.407784619926 gnorm: 0.000629037257 xtb: 6.3.3 (5b13467)
O        -1.28691285761536    1.83341102177265   -0.41709713326188
H        -0.93108285231945    2.62086143742222   -0.83126637992446
H        -1.12084955443543    1.10037812355315   -1.05216878276787
O        -0.74940245891188   -0.14397701758008   -2.14825642873924
H        -0.05973905095391   -0.72509323418884   -1.75390003674636
H        -1.48288404782848   -0.72060531558927   -2.36697315967835
O         1.23669172804398   -1.10095573468983    1.58431201276315
H         0.83193335753216   -0.21562768655654    1.70544033845967
H         0.80985855993324   -1.68204627506844    2.21546408602724
O        -0.10955590656125    1.21674482790455    1.91413273387691
H        -0.80441284075380    1.30454694926027    2.56838205790112
H        -0.52050213408941    1.45519634901509    1.05264698673898
O         1.07717164957305   -1.75020852294854   -1.01785041446170
H         1.12530525167568   -1.54098895558025   -0.05842484276047
H         1.96785903671190   -1.63502420672513   -1.35316842742714
15
 energy: -25.407786901223 gnorm: 0.000537974693 xtb: 6.3.3 (5b13467)
O        -1.28794802345373    1.83572057504712   -0.41736810332232
H        -0.92942796145843    2.62312322214393   -0.83012108506954
H        -1.12116614498213    1.10264524983072   -1.05214682838306
O        -0.74736673039015   -0.14120582966187   -2.14910129098190
H        -0.06026658781755   -0.72352396241039   -1.75218410276127
H        -1.48061451828555   -0.71681239478815   -2.37179281701666
O         1.24252806494119   -1.09607540996888    1.58389899155900
H         0.83451108808429   -0.21211924600554    1.70426963317370
H         0.82085270381999   -1.67751095963473    2.21830539302444
O        -0.11331369301495    1.21583268514451    1.91447911449388
H        -0.81110746548212    1.29349285173601    2.56653300732728
H        -0.52293186994515    1.45614596154047    1.05283505484420
O         1.07234753667195   -1.75418102136675   -1.01562913376407
H         1.12401569547720   -1.54039289741577   -0.05739435035416
H         1.96336578583623   -1.64852706418967   -1.35331087276995
15
 energy: -25.407789925643 gnorm: 0.000500355933 xtb: 6.3.3 (5b13467)
O        -1.28829815333066    1.83826743652803   -0.41800975465750
H        -0.92680586065920    2.62536705924488   -0.82890760991920
H        -1.12031063637560    1.10541762720459   -1.05268162478473
O        -0.74440335753013   -0.13824402512119   -2.14999990026239
H        -0.06090970586665   -0.72332863563457   -1.75103644252283
H        -1.47851365323965   -0.71118908904089   -2.37672554753004
O         1.24965437107705   -1.08945826165424    1.58301634224102
H         0.83736893101018   -0.20736997954478    1.70364751139560
H         0.83485746654578   -1.67163344664651    2.22150315172616
O        -0.11833228982136    1.21444807690552    1.91549812804468
H        -0.82017185000036    1.28036620714880    2.56457650314333
H        -0.52601694399452    1.45688335467984    1.05354534757329
O         1.06619006388310   -1.75976301934829   -1.01286049142761
H         1.12257200814346   -1.54088778527441   -0.05612773353091
H         1.95659749015971   -1.66226375944577   -1.35416526948934
15
 energy: -25.407794077544 gnorm: 0.000647664193 xtb: 6.3.3 (5b13467)
O        -1.28787945493932    1.84051138991509   -0.41883094524710
H        -0.92352346265724    2.62763804630391   -0.82751276153423
H        -1.11831706420687    1.10840904537600   -1.05387196062212
O        -0.74013427316881   -0.13496980092340   -2.15126238897511
H        -0.06181849033950   -0.72443435158795   -1.74997278354166
H        -1.47624493313245   -0.70347904940990   -2.38249122810501
O         1.25913702094684   -1.08144942363110    1.58197859754063
H         0.84052501787310   -0.20226189024562    1.70307434696316
H         0.85190170040404   -1.66515091802954    2.22386906982101
O        -0.12553609838359    1.21163870718641    1.91739081044136
H        -0.83083616278417    1.26877534488656    2.56297227921992
H        -0.53058758254644    1.45637300194881    1.05491353990278
O         1.05841256018798   -1.76676468350956   -1.00907277062087
H         1.12108820213753   -1.54187735456653   -0.05420951976690
H         1.94729090061008   -1.67634630371218   -1.35570167547634
15
 energy: -25.407800214794 gnorm: 0.000995417190 xtb: 6.3.3 (5b13467)
O        -1.28567017146738    1.84366066720131   -0.42007717867020
H        -0.91956884749792    2.63131023886130   -0.82555656047276
H        -1.11188661556337    1.11279356216350   -1.05545514570940
O        -0.73170911378422   -0.12904724530737   -2.15414091208711
H        -0.06334474596191   -0.72663225582909   -1.74779782622726
H        -1.47251053016625   -0.68883980063653   -2.39142573586582
O         1.27461115547608   -1.06656683040475    1.57869353316401
H         0.84526508017835   -0.19239163463810    1.70144114138162
H         0.88432619467445   -1.65207071224358    2.23012759387499
O        -0.13761264110610    1.20755193898654    1.92181989322835
H        -0.85295698560955    1.24400927973812    2.55882754239311
H        -0.53539813612880    1.45737673268304    1.05734865353718
O         1.04348133837728   -1.78015629102710   -1.00270267918670
H         1.11680995054051   -1.54419439129211   -0.05119622343598
H         1.92964194804012   -1.70019149825417   -1.35863348592458
15
 energy: -25.407806218587 gnorm: 0.001196343419 xtb: 6.3.3 (5b13467)
O        -1.28327399130420    1.84650605293893   -0.42155313839374
H        -0.91343695092861    2.63468144923939   -0.82266904104024
H        -1.10641927079457    1.11709828793271   -1.05780810437204
O        -0.72435193408032   -0.12360516305714   -2.15669539448911
H        -0.06533241202928   -0.72828951186886   -1.74527223637114
H        -1.46859402052224   -0.67568642848902   -2.40141739753938
O         1.29067300181284   -1.05292894690206    1.57550141478143
H         0.85056716507126   -0.18434571118650    1.70046524588107
H         0.91573846188741   -1.64116678390770    2.23377422938202
O        -0.15114161128319    1.20212974069228    1.92568406993367
H        -0.87234797505932    1.22690630709866    2.55619544755625
H        -0.54401433462113    1.45500056504732    1.05996919116990
O         1.02884039110150   -1.79083585206959   -0.99581033153877
H         1.11392275271884   -1.54433340126937   -0.04764614093213
H         1.91264860803239   -1.72451884419807   -1.36144520402842
15
 energy: -25.407813382342 gnorm: 0.001135021077 xtb: 6.3.3 (5b13467)
O        -1.27847640896598    1.84988006437429   -0.42335109398484
H        -0.90512938276283    2.63914376673479   -0.81887253714730
H        -1.09778088079528    1.12233953485182   -1.06082720471828
O        -0.71506788694782   -0.11659183032213   -2.16032453940001
H        -0.06813305473518   -0.72964302592734   -1.74180291581028
H        -1.46333945007891   -0.65911240506853   -2.41377406800148
O         1.31267181383156   -1.03436149628812    1.57059898018009
H         0.85749466753929   -0.17381394800226    1.69709778214499
H         0.95897475176495   -1.62544350698810    2.23766351625584
O        -0.16963398307192    1.19358839680222    1.93145459718927
H        -0.90002263479342    1.20251670540761    2.55204998529343
H        -0.55351785833259    1.45238615846730    1.06328493698433
O         1.00854948591028   -1.80422730789552   -0.98635371586687
H         1.10758186843368   -1.54348069746295   -0.04303205094692
H         1.88930683300566   -1.75656864868212   -1.36253906217266
15
 energy: -25.407818695615 gnorm: 0.002655872132 xtb: 6.3.3 (5b13467)
O        -1.27166107112552    1.85359610855538   -0.42555032733011
H        -0.89427208743406    2.64385736385909   -0.81464461200638
H        -1.08782549106996    1.12795614758344   -1.06446397239552
O        -0.70627313650339   -0.10933603991067   -2.16462041513107
H        -0.07124224405821   -0.72998599816210   -1.73912594353277
H        -1.45819428218225   -0.64281516852543   -2.42594936837080
O         1.33352075634038   -1.01485802137607    1.56254117372660
H         0.86293420733286   -0.16376106402911    1.69463583765332
H         1.00971312349960   -1.60876790553945    2.24429183527339
O        -0.19018780762300    1.18275736707365    1.93702049096665
H        -0.92844377762137    1.17868204212295    2.54753125380399
H        -0.56536206016073    1.44730390711809    1.06678333121405
O         0.98683780691300   -1.81641524559387   -0.97683840186342
H         1.09911317367263   -1.54165481772315   -0.03897994520904
H         1.86482077002161   -1.78994691545183   -1.36135832679964
15
 energy: -25.407824322117 gnorm: 0.001196321025 xtb: 6.3.3 (5b13467)
O        -1.26756931139890    1.85609068423432   -0.42700705731013
H        -0.88515572506771    2.64600038826525   -0.81166260591252
H        -1.08334748952068    1.13124618258336   -1.06673847591005
O        -0.70267500060678   -0.10575851026812   -2.16715596663700
H        -0.07377847179744   -0.72967921116859   -1.73762060132012
H        -1.45605075957893   -0.63502355243017   -2.43257604617234
O         1.34672478558217   -1.00358453267820    1.55950321104983
H         0.86707261503271   -0.15815457542116    1.69297432094991
H         1.03595311976297   -1.59865472595148    2.24441911847282
O        -0.20205187275830    1.17573395449995    1.93977895092396
H        -0.94455918050543    1.16488439373729    2.54507311594755
H        -0.57272416385656    1.44331357896222    1.06869921620502
O         0.97475522340085   -1.82137532748064   -0.97043891467446
H         1.09586419459684   -1.53870278482589   -0.03601707947377
H         1.85101991671683   -1.80972420205723   -1.35995857613950
15
 energy: -25.407825178488 gnorm: 0.003728648147 xtb: 6.3.3 (5b13467)
O        -1.25794363936739    1.86226723921910   -0.42968511160439
H        -0.86832598269520    2.65260958149197   -0.80608746571332
H        -1.07220993174466    1.13980436539595   -1.07171920316999
O        -0.69343681711430   -0.09690872219097   -2.17278527732921
H        -0.07886168682036   -0.73022367961704   -1.73557985142816
H        -1.45179627524393   -0.61512283885170   -2.44705269550194
O         1.37388611874836   -0.97726788180500    1.55159553670682
H         0.87196585702471   -0.14501279788503    1.68865154031080
H         1.10197876982452   -1.57387262443742    2.25236766593807
O        -0.22725534118620    1.16173264564416    1.94682770856697
H        -0.98433039568542    1.12447912290852    2.53677111807592
H        -0.58389445824673    1.43913288583020    1.07256970115221
O         0.94742962288153   -1.83589730697420   -0.95721635717821
H         1.08656672541543   -1.53425797083080   -0.03056127048840
H         1.81970531421144   -1.85485025789685   -1.35682342833803
15
 energy: -25.407833884006 gnorm: 0.001809902621 xtb: 6.3.3 (5b13467)
O        -1.25527064623243    1.86369148551131   -0.43081786194759
H        -0.86056073654146    2.65233995540255   -0.80524015303899
H        -1.07167764244775    1.14086488435376   -1.07297021087567
O        -0.69531889303642   -0.09764721599796   -2.17381133917808
H        -0.08023148500081   -0.72962334942448   -1.73656364763478
H        -1.45375047550822   -0.61652337878951   -2.44553071523948
O         1.37452612046915   -0.97578115825277    1.55014145317781
H         0.86895871521455   -0.14649666425837    1.68791950904767
H         1.11106187687307   -1.57131990830298    2.25353401159667
O        -0.23096468913641    1.15711472418121    1.94684814942435
H        -0.98706957744284    1.12326938148592    2.53617143024657
H        -0.58519733626591    1.43748517460545    1.07257814841832
O         0.94645682046364   -1.83442231652200   -0.95654748282160
H         1.08465300013473   -1.53225477635256   -0.03104781650364
H         1.81786282845890   -1.85408507763864   -1.35339086467240
15
 energy: -25.407836352809 gnorm: 0.002258138764 xtb: 6.3.3 (5b13467)
O        -1.25259658060230    1.86968633811186   -0.43393781944460
H        -0.83982858167996    2.65359363531498   -0.80014996268369
H        -1.07081504028277    1.14640064169689   -1.07590752031238
O        -0.69361747966907   -0.09297377373986   -2.17794632985249
H        -0.08376819807747   -0.72585891664338   -1.73514398520920
H        -1.45223733145150   -0.60956551872951   -2.45266263093482
O         1.38822586003935   -0.96285585788858    1.54638074639485
H         0.86848264314015   -0.14293058655673    1.68888590638920
H         1.15037098554156   -1.55951216633719    2.25866238339606
O        -0.24828452674414    1.14564407025404    1.94796605388114
H        -1.00461708399170    1.11046940638463    2.53315196928212
H        -0.59840947066530    1.43082700450540    1.07404574537641
O         0.93341445555142   -1.83746369796108   -0.94993311048560
H         1.08438175085871   -1.52691771647738   -0.02881469278937
H         1.80277647803485   -1.88193110193319   -1.35332414300851
15
 energy: -25.407841998254 gnorm: 0.001172529163 xtb: 6.3.3 (5b13467)
O        -1.25141111922075    1.87062441477531   -0.43396225067757
H        -0.83785831757132    2.65389826335402   -0.80028542582860
H        -1.07044704299378    1.14726911175446   -1.07604575527974
O        -0.69407604722571   -0.09286214959401   -2.17791727743214
H        -0.08393392792820   -0.72597324648597   -1.73587377866094
H        -1.45344454161433   -0.60921906565658   -2.45140103709958
O         1.38675714660038   -0.96191853639263    1.54576404048277
H         0.86718061366037   -0.14243087264039    1.68940761373117
H         1.15405232522155   -1.55616870030148    2.26158295799757
O        -0.24781674690495    1.14622451690278    1.94758167440176
H        -1.00642833427894    1.10417578392493    2.53119113982199
H        -0.59840217721478    1.43058165098738    1.07399868425671
O         0.93341241101186   -1.83786878856398   -0.95048714448398
H         1.08338377903458   -1.52770811972607   -0.02957727049311
H         1.80250985942587   -1.88201250233685   -1.35270356073718
15
 energy: -25.407847468374 gnorm: 0.000301846591 xtb: 6.3.3 (5b13467)
O        -1.25055943978824    1.87161582429250   -0.43375538226406
H        -0.83575413839945    2.65384263723794   -0.80049778649306
H        -1.07095303911769    1.14806451732990   -1.07601467991666
O        -0.69511641330307   -0.09320055409499   -2.17624183392237
H        -0.08369094660573   -0.72680301535455   -1.73614341966628
H        -1.45460688013872   -0.60966144842424   -2.44984869648642
O         1.38510223670466   -0.96246790810192    1.54561043304134
H         0.86581815204077   -0.14233305053182    1.68808313314180
H         1.15609474607737   -1.55329688405876    2.26445718332779
O        -0.24760055853543    1.14923711126554    1.94926593897425
H        -1.00928888687560    1.09851151695726    2.52836476456080
H        -0.59587133675197    1.43287937253180    1.07401945016924
O         0.93425880111908   -1.83940116041623   -0.95212880186801
H         1.08210436444089   -1.53117415834220   -0.02994951045888
H         1.80354121913500   -1.87920104028934   -1.35394818214033
15
 energy: -25.407854776424 gnorm: 0.000950722742 xtb: 6.3.3 (5b13467)
O        -1.24715188558909    1.87402346369138   -0.43351776461255
H        -0.82970052641001    2.65382226852703   -0.80223916244711
H        -1.07047122215641    1.14883467891399   -1.07483698622641
O        -0.69712658001398   -0.09465288828897   -2.17298413087729
H        -0.08419819381041   -0.72912259575667   -1.73571927651166
H        -1.45742351091826   -0.61072570699313   -2.44550617590375
O         1.37898622489943   -0.96333557578523    1.54353388097083
H         0.86255836980082   -0.14123106366754    1.68660026057952
H         1.16266133276246   -1.54643435780477    2.27209531250800
O        -0.24782057183109    1.15357018888444    1.95126706834668
H        -1.01475805990494    1.08362286934017    2.52208156871109
H        -0.59265451881647    1.44147071779624    1.07558040947287
O         0.93592524732110   -1.84296889051368   -0.95616464030569
H         1.07859166405743   -1.53815521288595   -0.03201733376991
H         1.80606011061133   -1.87210613545644   -1.35690041993546
15
 energy: -25.407859703965 gnorm: 0.000990452956 xtb: 6.3.3 (5b13467)
O        -1.24203296837467    1.87767563850061   -0.43326908304567
H        -0.82154087767922    2.65454037682167   -0.80494657692411
H        -1.06830154299610    1.14954789038323   -1.07214933256124
O        -0.69960489580623   -0.09673869174854   -2.16908066862147
H        -0.08593415399370   -0.73255819655834   -1.73481730997714
H        -1.46116285707386   -0.61164899851304   -2.44003992036246
O         1.37228197888358   -0.96282284639955    1.54080282619651
H         0.85641679953896   -0.14018792594193    1.68367598930173
H         1.17136418071014   -1.53792683616718    2.28061661108133
O        -0.24840812751186    1.15724780984782    1.95335279212322
H        -1.02081967747571    1.06609318320373    2.51427868478838
H        -0.58947485765254    1.44763494874697    1.07701344021867
O         0.93742189478230   -1.84640446061189   -0.96008897762185
H         1.07451389266915   -1.54382094688838   -0.03484064404122
H         1.80875909198167   -1.86401918467433   -1.35923522055554
15
 energy: -25.407862779592 gnorm: 0.000401618892 xtb: 6.3.3 (5b13467)
O        -1.23716099786716    1.88043950861201   -0.43371022511744
H        -0.81577468271072    2.65609639949288   -0.80693659576520
H        -1.06550047696739    1.15100036009111   -1.07152097579946
O        -0.70181845518594   -0.09855911049053   -2.16659685288631
H        -0.08786120474481   -0.73522408069586   -1.73419844615221
H        -1.46440782217092   -0.61249580373987   -2.43619965969803
O         1.36879754603793   -0.96167553736797    1.53893797049629
H         0.85216665792337   -0.13961709485326    1.68297959588081
H         1.17841878626650   -1.53285583507679    2.28463298736970
O        -0.25058424988244    1.15572142410003    1.95374814107078
H        -1.02442486442729    1.05641060493091    2.51016606880654
H        -0.58945600859514    1.45089604740377    1.07838567053919
O         0.93814714256877   -1.84758012707207   -0.96196064126007
H         1.07285788523777   -1.54608293632583   -0.03647811583893
H         1.81007862451941   -1.85986205900768   -1.35997631164655
15
 energy: -25.407864952619 gnorm: 0.000338478562 xtb: 6.3.3 (5b13467)
O        -1.23253791672715    1.88332156898159   -0.43444758861981
H        -0.81007735498974    2.65780051495601   -0.80897465779941
H        -1.06262472030943    1.15236446081824   -1.07090271754176
O        -0.70415242440954   -0.10001821842423   -2.16527606173163
H        -0.09003778774416   -0.73650788022357   -1.73302539977544
H        -1.46785903758841   -0.61351500508095   -2.43230953511295
O         1.36811960514329   -0.95977241945410    1.53771719379004
H         0.84914793482182   -0.13912262098965    1.68258757531500
H         1.18447633959521   -1.52956896755473    2.28590774089237
O        -0.25325149692079    1.15375524352342    1.95443175686228
H        -1.02937382867746    1.04840000666773    2.50631472002065
H        -0.58887379683739    1.45071820320156    1.07863261934183
O         0.93818246743042   -1.84788997863652   -0.96241968249215
H         1.07184768283822   -1.54556387519286   -0.03731735097980
H         1.81049221437704   -1.85778927259111   -1.35964600217014
15
 energy: -25.407867374854 gnorm: 0.000388409238 xtb: 6.3.3 (5b13467)
O        -1.22723219395849    1.88621221087634   -0.43553998101195
H        -0.80403462737038    2.65983053099147   -0.81089895383644
H        -1.05981506465849    1.15447405304706   -1.07161703571036
O        -0.70716966142017   -0.10131082921066   -2.16418021507420
H        -0.09219387474490   -0.73767521039801   -1.73301211536961
H        -1.47200492428571   -0.61454390776337   -2.42844036758967
O         1.36956905010906   -0.95731754043525    1.53685701292776
H         0.84729026472074   -0.13874426187349    1.68287095464223
H         1.19103141956476   -1.52748611880774    2.28577892043545
O        -0.25723755545772    1.15042046120160    1.95531706936092
H        -1.03579502328015    1.04149351568936    2.50300987862918
H        -0.58877114362599    1.44997412851938    1.07891868750980
O         0.93775375441794   -1.84706487050599   -0.96182861416390
H         1.07203088640625   -1.54407520167422   -0.03700280771484
H         1.81005657358518   -1.85757519965563   -1.35895982303528
15
 energy: -25.407870417001 gnorm: 0.000426980768 xtb: 6.3.3 (5b13467)
O        -1.22117059037007    1.88944820777954   -0.43721844715272
H        -0.79570438056440    2.66148501707576   -0.81315451134635
H        -1.05698090652366    1.15668034478503   -1.07289345655139
O        -0.71069927055752   -0.10256136637728   -2.16385811636954
H        -0.09456503689904   -0.73772418235188   -1.73254673432375
H        -1.47705445906109   -0.61612787894967   -2.42324759682010
O         1.37283932182651   -0.95440078880163    1.53612164939792
H         0.84650542065581   -0.13855273285354    1.68370128583453
H         1.19876386187539   -1.52608730535544    2.28482420077752
O        -0.26286075726708    1.14598178061575    1.95643259396438
H        -1.04448425872446    1.03443949237847    2.49927811076667
H        -0.58918463699158    1.44902289717636    1.07923931229454
O         0.93681060080585   -1.84588925094660   -0.96064330600707
H         1.07243246055119   -1.54114389637645   -0.03631092376779
H         1.80883051124606   -1.85795857779757   -1.35845145069778
15
 energy: -25.407874197316 gnorm: 0.000438387038 xtb: 6.3.3 (5b13467)
O        -1.21380303727852    1.89340101083966   -0.43933874520980
H        -0.78355214773625    2.66266864985800   -0.81550611025806
H        -1.05418566452396    1.15931875057719   -1.07467495930427
O        -0.71524360549485   -0.10400141132474   -2.16323505411285
H        -0.09745260656398   -0.73797167985860   -1.73253097331746
H        -1.48349632095672   -0.61789304463808   -2.41643764991382
O         1.37752879993327   -0.95048727458830    1.53553287838795
H         0.84623273985429   -0.13820205366712    1.68482065459139
H         1.20811486728903   -1.52431122937500    2.28370659054985
O        -0.27033249893346    1.14076979053177    1.95780246588359
H        -1.05604986629366    1.02566868210980    2.49431188934796
H        -0.59035706646618    1.44785123438815    1.07970077963339
O         0.93553269148612   -1.84377837219400   -0.95898550652582
H         1.07390231195313   -1.53787099840044   -0.03519477770489
H         1.80663928373363   -1.85855029425742   -1.35869887204813
15
 energy: -25.407878632813 gnorm: 0.000484297688 xtb: 6.3.3 (5b13467)
O        -1.20510305494055    1.89821986608042   -0.44220673792843
H        -0.76652060388657    2.66318114468428   -0.81763067937982
H        -1.05113652891731    1.16250709508196   -1.07709365859322
O        -0.72067414799799   -0.10590642675411   -2.16233405556721
H        -0.10114184174951   -0.73824352062968   -1.73171850836834
H        -1.49136488042347   -0.62015767865624   -2.40750130295915
O         1.38374918358758   -0.94557246947412    1.53506509297018
H         0.84657679785574   -0.13757803579401    1.68584545193155
H         1.21903002188525   -1.52178143009069    2.28249950887742
O        -0.28005812063698    1.13386724587325    1.95898655491710
H        -1.07020693092846    1.01501922765258    2.48814715516834
H        -0.59301718119582    1.44664682828541    1.08033028428687
O         0.93398786657328   -1.84170144257236   -0.95699648578112
H         1.07566489650098   -1.53333739068596   -0.03433217599030
H         1.80369240427570   -1.85855125299986   -1.35978783358488
15
 energy: -25.407883741507 gnorm: 0.000719370078 xtb: 6.3.3 (5b13467)
O        -1.19400774291037    1.90478883269746   -0.44567264052911
H        -0.74265875994637    2.66316340191174   -0.81967939429185
H        -1.04760100894204    1.16655679379329   -1.07953027300256
O        -0.72781485563676   -0.10860031324348   -2.16016447084844
H        -0.10633031187447   -0.73939511032763   -1.73010546769904
H        -1.50154087850769   -0.62282691192993   -2.39577077526890
O         1.39020371875735   -0.93898075669157    1.53404802526534
H         0.84628927621381   -0.13607558187082    1.68684138216530
H         1.23320245347841   -1.51684375237197    2.28218643666607
O        -0.29226320583131    1.12611142032714    1.96020091836891
H        -1.08836586006810    0.99921529672245    2.47909567381166
H        -0.59656400901247    1.44556120249863    1.08089535678277
O         0.93252424963979   -1.83933939279324   -0.95529580111320
H         1.07806944654186   -1.52961739188153   -0.03365634977624
H         1.80033536810024   -1.85710597683966   -1.36212001053180
15
 energy: -25.407889614559 gnorm: 0.000901353056 xtb: 6.3.3 (5b13467)
O        -1.17828636368098    1.91433960574472   -0.45065208530846
H        -0.70716711304352    2.66264280322844   -0.82136195981870
H        -1.04255373582766    1.17271469700921   -1.08305476833467
O        -0.73792226080377   -0.11266617357435   -2.15613050446546
H        -0.11391746476166   -0.74172672751177   -1.72718490700629
H        -1.51573415015063   -0.62641618322291   -2.37908291180134
O         1.40000197788136   -0.92918641416151    1.53260831890575
H         0.84565493204001   -0.13389062935737    1.68697713783139
H         1.25267313036944   -1.50912478252495    2.28119863871780
O        -0.31024556481979    1.11395565441391    1.96083674674692
H        -1.11308352879524    0.97734363889976    2.46656636614173
H        -0.60357163013965    1.44356290923998    1.08153578399121
O         0.93060794184483   -1.83680392702454   -0.95255667021947
H         1.08142831453074   -1.52356990879667   -0.03297171882956
H         1.79559339535839   -1.85456280236105   -1.36545485655205
15
 energy: -25.407894034115 gnorm: 0.001506214582 xtb: 6.3.3 (5b13467)
O        -1.16210636557601    1.92390783916310   -0.45489737942650
H        -0.67263344786164    2.66199413509942   -0.82218587837504
H        -1.03685398791701    1.17930169546550   -1.08591297078526
O        -0.74777697737466   -0.11689535212144   -2.15081095528767
H        -0.12176338095113   -0.74473502032229   -1.72305895915424
H        -1.52939796057669   -0.62960944825167   -2.36246688045477
O         1.40703193948010   -0.91917314732739    1.52996497469821
H         0.84338126327293   -0.13098196569114    1.68655268983399
H         1.27286554667132   -1.49908132002456    2.28154030346452
O        -0.32720040510173    1.10310604357979    1.96117885219145
H        -1.13728235565884    0.95259951819656    2.45228165805316
H        -0.60933054753483    1.44228227253700    1.08173647428351
O         0.92908135198536   -1.83554575058038   -0.95080115997338
H         1.08388834263641   -1.51969492894854   -0.03291323937097
H         1.79157486450830   -1.85086281077305   -1.36893491969831
15
 energy: -25.407898199847 gnorm: 0.001165188967 xtb: 6.3.3 (5b13467)
O        -1.14266442433603    1.93629773448037   -0.46034668530673
H        -0.62776536944795    2.66022236667584   -0.82186231008826
H        -1.02983607500138    1.18749824521723   -1.08866060664976
O        -0.75957043835999   -0.12147811837280   -2.14352562785893
H        -0.13151129396974   -0.74803512139528   -1.71697839206818
H        -1.54559780339999   -0.63257987887549   -2.34190445712637
O         1.41798080608140   -0.90529958118091    1.52652132836457
H         0.84073935069045   -0.12728970459383    1.68475090396012
H         1.29751363092523   -1.48613569990831    2.27952057944900
O        -0.35004154459659    1.08700179799481    1.95962487700949
H        -1.16610594699755    0.92469410470726    2.43532244366013
H        -0.62015555434631    1.43835051359124    1.08132757695840
O         0.92670957925560   -1.83377730299195   -0.94752330175646
H         1.08820913228886   -1.51449742484838   -0.03200602665408
H         1.78557383121585   -1.84836017049892   -1.37298769189430
15
 energy: -25.407901327410 gnorm: 0.001235480922 xtb: 6.3.3 (5b13467)
O        -1.13216305415057    1.94196130152212   -0.46142481528465
H        -0.60890621472972    2.65933195544946   -0.82099451118653
H        -1.02529467442982    1.19171803991230   -1.08871070895722
O        -0.76451742795172   -0.12380946488425   -2.13782813511335
H        -0.13590368617318   -0.75147354385136   -1.71370668339984
H        -1.55250315851813   -0.63283376038239   -2.33225564349494
O         1.41996416663297   -0.89826418967459    1.52325761857937
H         0.83718013560617   -0.12469148018727    1.68215216777508
H         1.31027298002649   -1.47630031676909    2.28009024387245
O        -0.35936713426019    1.08097449962258    1.95904991842328
H        -1.17963177962476    0.90581866620356    2.42399138998926
H        -0.62259102370889    1.43887313011639    1.08131209986133
O         0.92565783411395   -1.83571110863099   -0.94663845218083
H         1.08781989378142   -1.51277713045873   -0.03273953185167
H         1.78346102338786   -1.84620483798688   -1.37428234703316
15
 energy: -25.407903778683 gnorm: 0.000959797965 xtb: 6.3.3 (5b13467)
O        -1.12942898938731    1.94507195808358   -0.46169022413748
H        -0.59868046535016    2.65766225087052   -0.82005036709103
H        -1.02464237808662    1.19242528497116   -1.08634684432174
O        -0.76581256199748   -0.12398865311409   -2.13468101546667
H        -0.13713475258227   -0.75248301565628   -1.71180559650407
H        -1.55461148361259   -0.63203299348718   -2.32835461542085
O         1.41967133559291   -0.89439664072047    1.52042909812608
H         0.83396629725122   -0.12318823829128    1.68051666505323
H         1.31752660140920   -1.47044026476650    2.27981671728173
O        -0.36352850545810    1.07848682301772    1.95833607765813
H        -1.18498203945447    0.89701612396159    2.41803243427645
H        -0.62384821319879    1.43939799247279    1.08103180129226
O         0.92501214090249   -1.83705965598530   -0.94655441357147
H         1.08732773252632   -1.51306490336010   -0.03308370247555
H         1.78264316144754   -1.84679430799531   -1.37432340470049
15
 energy: -25.407906545100 gnorm: 0.000664292230 xtb: 6.3.3 (5b13467)
O        -1.12318311626418    1.95050837308704   -0.46213845068228
H        -0.58083457305491    2.65596297778752   -0.81797085190735
H        -1.02356706356602    1.19523735220048   -1.08465006744346
O        -0.76804170685889   -0.12486434296918   -2.12938381657423
H        -0.13964980509550   -0.75436083261913   -1.70764927543538
H        -1.55830044726826   -0.63151590275662   -2.32153202126097
O         1.42060916513076   -0.88698169610852    1.51563524265447
H         0.82866690793466   -0.12021196022576    1.67725807787257
H         1.33089992510877   -1.45991401780692    2.27847631654249
O        -0.37146898069854    1.07456441494821    1.95838267610244
H        -1.19576300959614    0.87935205043190    2.40732235763720
H        -0.62641668778608    1.44117772234284    1.08175506775590
O         0.92330288801450   -1.83971588261125   -0.94604006233516
H         1.08664113135774   -1.51325167371761   -0.03355212547163
H         1.78058325264404   -1.84937482198215   -1.37464045745614
15
 energy: -25.407909022761 gnorm: 0.000768902777 xtb: 6.3.3 (5b13467)
O        -1.11460762271273    1.95707685129954   -0.46263820484673
H        -0.56035666959360    2.65494581942637   -0.81444766374517
H        -1.02010918965003    1.20033399999593   -1.08390535831457
O        -0.77085677890184   -0.12567631900714   -2.12281970566318
H        -0.14254130640855   -0.75663358220158   -1.70293565158060
H        -1.56230576967697   -0.63082520068939   -2.31420807401972
O         1.42157003502495   -0.87746831867248    1.50883520660785
H         0.82304268375191   -0.11608857809570    1.67436037010583
H         1.35069592127939   -1.44594169361644    2.27738409599048
O        -0.38262415232891    1.06907760903980    1.95890287937698
H        -1.20966618274237    0.85796365290739    2.39423029983820
H        -0.63114668182205    1.44212257328855    1.08304766474020
O         0.92027900795787   -1.84406747666679   -0.94520349584052
H         1.08509357101774   -1.51317918311196   -0.03433924508605
H         1.77701101480719   -1.85502839389529   -1.37499050756459
15
 energy: -25.407911475156 gnorm: 0.000913245272 xtb: 6.3.3 (5b13467)
O        -1.10608321757747    1.96297167085674   -0.46287734117039
H        -0.54145313665132    2.65412748208393   -0.81182076563540
H        -1.01587128487089    1.20451064160811   -1.08261590761708
O        -0.77387035456557   -0.12612206915137   -2.11780833208456
H        -0.14566578725840   -0.75857171934597   -1.69976476878880
H        -1.56615676901369   -0.63000745370569   -2.30875745922570
O         1.42496942542424   -0.86753318332472    1.50365980596639
H         0.82110852121467   -0.11080238154810    1.67141202052350
H         1.36733012222855   -1.43216035986963    2.27530238181322
O        -0.39365292033359    1.06389177639700    1.96048676073987
H        -1.22414862399117    0.83508111859907    2.38163881888918
H        -0.63561249240211    1.44359836561699    1.08531683165412
O         0.91641214148695   -1.84764358894449   -0.94325129303582
H         1.08415862337886   -1.51204175126759   -0.03446483599812
H         1.77201363293295   -1.86268678800347   -1.37518330603216
15
 energy: -25.407914599821 gnorm: 0.001313203612 xtb: 6.3.3 (5b13467)
O        -1.09493844035008    1.96901428154070   -0.46299609586119
H        -0.52161844388296    2.65400671702286   -0.80881944516676
H        -1.00992540248622    1.20983524187803   -1.08273254004676
O        -0.77628667401117   -0.12588596652273   -2.11468586739724
H        -0.14943927493701   -0.75960802897603   -1.69662352473415
H        -1.57013463893072   -0.62823964583174   -2.30405306545499
O         1.43135233922638   -0.85526749219683    1.49826944836824
H         0.81971537365823   -0.10521393675593    1.66814972414379
H         1.38973242203946   -1.41601507484550    2.27320849608249
O        -0.40817079407011    1.05621639288242    1.96290919259405
H        -1.24129531905708    0.81095020608066    2.36878967393391
H        -0.64286722638623    1.44377503474207    1.08890767902952
O         0.91032811461635   -1.85166778683546   -0.93991544135921
H         1.08289916465222   -1.51053364627765   -0.03399870651758
H         1.76412667992102   -1.87475453590406   -1.37513691761605
15
 energy: -25.407914488087 gnorm: 0.002569889598 xtb: 6.3.3 (5b13467)
O        -1.07936253016120    1.97730651743663   -0.46308305215454
H        -0.49150646367696    2.65321152040999   -0.80402174698744
H        -1.00130810531057    1.21685928470735   -1.08227674426398
O        -0.77942466862527   -0.12471626234389   -2.11111512033133
H        -0.15511151032506   -0.76137720963678   -1.69379686481652
H        -1.57538717044437   -0.62381450359305   -2.30000480191241
O         1.43951057553430   -0.83695867991653    1.48994985541053
H         0.81673936522668   -0.09718787216654    1.66524013862499
H         1.42859106379604   -1.39035268492383    2.27356380911711
O        -0.42940457355876    1.04567065045375    1.96681398038451
H        -1.26697749531101    0.77422344515164    2.34903638630809
H        -0.65283392381639    1.44333037885322    1.09412797083672
O         0.89996784487506   -1.85862695076054   -0.93494277473021
H         1.07870642659703   -1.50855447681742   -0.03363975852036
H         1.75127904520256   -1.89240139685314   -1.37457866696746
15
 energy: -25.407919761600 gnorm: 0.000858260759 xtb: 6.3.3 (5b13467)
O        -1.07972665699825    1.97572033445798   -0.46296387231768
H        -0.49312785776106    2.65329367757106   -0.80245358529168
H        -1.00023293267356    1.21710882377827   -1.08375991409139
O        -0.77818418480215   -0.12343616436004   -2.11397527845908
H        -0.15541696953396   -0.76036086991987   -1.69502139308680
H        -1.57430186119133   -0.62175080045629   -2.30356589825427
O         1.44301529903077   -0.83520477096472    1.49102133022125
H         0.81983290451415   -0.09665541592042    1.66705745886917
H         1.43098481603324   -1.38947100908822    2.27299623777228
O        -0.43075687069692    1.04360272497317    1.96670533663573
H        -1.26718383117096    0.77566407175416    2.34962916331208
H        -0.65441779968675    1.44002828940629    1.09423829349007
O         0.89712074917981   -1.85861676588494   -0.93247556223772
H         1.07832596365977   -1.50655220051539   -0.03260971798883
H         1.74754711209925   -1.89675816483014   -1.37354998857548
15
 energy: -25.407923259825 gnorm: 0.001198607727 xtb: 6.3.3 (5b13467)
O        -1.07632169643750    1.97558440068539   -0.46218461076365
H        -0.48980492861612    2.65290615304601   -0.79995718162521
H        -0.99704336756803    1.21822559679775   -1.08409145382341
O        -0.77595746629888   -0.12173340196190   -2.11615117924757
H        -0.15712812596605   -0.75978301557876   -1.69351618435744
H        -1.57435735348238   -0.61706419552879   -2.30524926537273
O         1.44771805924553   -0.82780368825753    1.48954148225281
H         0.81952462712412   -0.09381841055600    1.66661130957050
H         1.44186446343348   -1.38017781027838    2.27188263571315
O        -0.43547062849712    1.03891329248906    1.96724673124903
H        -1.27299853161746    0.76306707167966    2.34223708001955
H        -0.65479799487527    1.43959087475789    1.09561105976613
O         0.89122792612940   -1.86041328873780   -0.92843417031442
H         1.07685484476146   -1.50602515351061   -0.03080966155173
H         1.74016805266688   -1.90485666504507   -1.37146398151748
15
 energy: -25.407928428193 gnorm: 0.000930992044 xtb: 6.3.3 (5b13467)
O        -1.06493778925426    1.97992248297793   -0.46121531111466
H        -0.46763425718071    2.65143757548277   -0.79278013449768
H        -0.98982376133940    1.22307964465257   -1.08434582473014
O        -0.77383247705757   -0.11805310359523   -2.11754261626217
H        -0.16255978851947   -0.76055393141481   -1.69079407869749
H        -1.57562907596619   -0.60639526527462   -2.30939414632251
O         1.46072709135590   -0.80696250382894    1.48330671684681
H         0.81865887960551   -0.08559472560222    1.66460669465334
H         1.47945547644363   -1.35288927251410    2.27022229601653
O        -0.45361810396681    1.02495104936330    1.96928955525328
H        -1.29388077397348    0.72660184461157    2.32196281816690
H        -0.66189230183838    1.43660246398013    1.09994761551293
O         0.87559944087980   -1.86690950975329   -0.91788137244760
H         1.07221610247367   -1.50127825148450   -0.02713010390010
H         1.72062921833981   -1.92734673759957   -1.36697949848031
15
 energy: -25.407931384901 gnorm: 0.002068009236 xtb: 6.3.3 (5b13467)
O        -1.05441765965394    1.98289029014182   -0.45970938204158
H        -0.44755159719689    2.65030669460284   -0.78353596172401
H        -0.98126669556839    1.22744368845070   -1.08519741096811
O        -0.76799723766829   -0.11209576299664   -2.12237704418780
H        -0.16821502058940   -0.76065686601409   -1.68808133612890
H        -1.57454172929566   -0.59036725249251   -2.31977041082929
O         1.47595249104939   -0.78319281575345    1.47579740802060
H         0.81883694043980   -0.07647981881126    1.66218811181008
H         1.52512548953287   -1.31906766819978    2.26998737201942
O        -0.47201752792437    1.00756881669891    1.97033166613353
H        -1.31349052816568    0.68442170798446    2.29902994883089
H        -0.66997931675228    1.43001161095687    1.10424722383063
O         0.85420232143966   -1.87397236393842   -0.90280750487677
H         1.06458744002881   -1.49572134773680   -0.02051133452418
H         1.69425051032641   -1.95447715289154   -1.35831873536787
15
 energy: -25.407935400314 gnorm: 0.000541341028 xtb: 6.3.3 (5b13467)
O        -1.05485072349946    1.98278281280787   -0.46000214160138
H        -0.44957087136659    2.65192171729005   -0.78289647492567
H        -0.97918412994132    1.22809910034257   -1.08598034894477
O        -0.76744391822496   -0.11193374409990   -2.12161728894603
H        -0.16812315153339   -0.76056591954204   -1.68702654905022
H        -1.57367290715569   -0.59018628663170   -2.32025996096832
O         1.47536380332750   -0.78381915504397    1.47511515755359
H         0.81912444705174   -0.07658534592912    1.66192952839853
H         1.52544266138419   -1.31815982643267    2.26914572342055
O        -0.47156929109180    1.00748489560607    1.96964665632491
H        -1.31161960580684    0.68355210662053    2.29888663141015
H        -0.67126488400626    1.42888013036165    1.10338950332696
O         0.85339952993784   -1.87364480318412   -0.90209950083729
H         1.06432084472329   -1.49654802189457   -0.01950661521191
H         1.69312607620381   -1.95466590026953   -1.35745170995246
15
 energy: -25.407936810524 gnorm: 0.000709741949 xtb: 6.3.3 (5b13467)
O        -1.05639948194550    1.98282069394530   -0.46002495391521
H        -0.45371374735888    2.65440153384625   -0.78248658147311
H        -0.97738093656472    1.22838774365259   -1.08595650249097
O        -0.76547622142962   -0.11114048590794   -2.12088327071855
H        -0.16746134917631   -0.76006788532739   -1.68493638577225
H        -1.57140960372711   -0.58902275562377   -2.32152326023034
O         1.47530777780388   -0.78472036812240    1.47418943938142
H         0.81982560748010   -0.07664136485632    1.66028680519367
H         1.52591822632568   -1.31694939014523    2.26876510126258
O        -0.47026293623838    1.00735777969091    1.96839411063007
H        -1.30880120302761    0.68150439293437    2.29791989329046
H        -0.67178226268058    1.42738086588000    1.10171426815324
O         0.85153015418633   -1.87436991561470   -0.90056126657689
H         1.06245849359913   -1.49720275124968   -0.01792050615171
H         1.69112536275567   -1.95512633310091   -1.35570428058578
15
 energy: -25.407937883294 gnorm: 0.000473872542 xtb: 6.3.3 (5b13467)
O        -1.05777701081281    1.98287013335055   -0.45980262024273
H        -0.45710538067056    2.65615279535447   -0.78250001014792
H        -0.97721552147267    1.22857630005935   -1.08581992488242
O        -0.76364001973413   -0.11024004882766   -2.12049779673079
H        -0.16696859399705   -0.75999891081328   -1.68374488385397
H        -1.56956083849957   -0.58737026896652   -2.32297785912688
O         1.47571868549646   -0.78499909919234    1.47389049975285
H         0.82042100421797   -0.07652246899782    1.65950369385224
H         1.52682558783618   -1.31634866043376    2.26916971713522
O        -0.46922750237676    1.00701346558708    1.96720370853987
H        -1.30727451958905    0.67982172018054    2.29697920815763
H        -0.67170149794372    1.42733465329319    1.10079903190327
O         0.84999333370960   -1.87522710746393   -0.89936616798375
H         1.06157475815868   -1.49822058877845   -0.01669409855351
H         1.68941539567953   -1.95623015435034   -1.35486988782247
15
 energy: -25.407939694048 gnorm: 0.000224224517 xtb: 6.3.3 (5b13467)
O        -1.06158400443044    1.98340407505095   -0.45951932975838
H        -0.46490422097704    2.66005910738505   -0.78260651373542
H        -0.97731996450053    1.22916501837779   -1.08537508334038
O        -0.75914868046397   -0.10798035470498   -2.11986252880579
H        -0.16583793559053   -0.75981479151784   -1.68104036550730
H        -1.56532860565312   -0.58300199924817   -2.32630445697448
O         1.47761148275593   -0.78516418450810    1.47378380269607
H         0.82189367232720   -0.07640414628921    1.65811390210762
H         1.52942897103868   -1.31500422843391    2.27042716702988
O        -0.46704584764851    1.00628887765750    1.96467847693121
H        -1.30418179890192    0.67502408583242    2.29357365643051
H        -0.67067239326425    1.42734249228362    1.09874457069277
O         0.84617270782310   -1.87799769800507   -0.89622539603580
H         1.05936425047519   -1.50007420539078   -0.01410722154297
H         1.68503024701235   -1.95923028848822   -1.35300807019093
15
 energy: -25.407940823715 gnorm: 0.000392737323 xtb: 6.3.3 (5b13467)
O        -1.06515952107514    1.98402242594056   -0.45935922688277
H        -0.47231285306402    2.66395045019229   -0.78268602231069
H        -0.97751486132516    1.23031382731056   -1.08550846375228
O        -0.75498882356453   -0.10574504366326   -2.11947770080140
H        -0.16478770996447   -0.75937948217110   -1.67888601850292
H        -1.56131064205314   -0.57886499007699   -2.32975524568524
O         1.47955265266798   -0.78515043992297    1.47382944423232
H         0.82378412074750   -0.07610328682640    1.65759909200039
H         1.53245679972572   -1.31351188822181    2.27148416996489
O        -0.46536473162466    1.00534502984022    1.96238853974906
H        -1.30142331821349    0.67027958999660    2.29042273762204
H        -0.67045750921418    1.42765208635450    1.09737203883337
O         0.84243534910396   -1.88028946772772   -0.89317441798998
H         1.05818613024483   -1.50235182060692   -0.01161637423710
H         1.68038279761100   -1.96355523041652   -1.35135994224310
15
 energy: -25.407941763941 gnorm: 0.000354671998 xtb: 6.3.3 (5b13467)
O        -1.06813862675493    1.98473376826692   -0.45928556418776
H        -0.47791381784413    2.66685016349781   -0.78274379810972
H        -0.97788715574838    1.23141428860964   -1.08554370609372
O        -0.75185728077921   -0.10390492300628   -2.11969118480369
H        -0.16388737168872   -0.75850551570489   -1.67756160128788
H        -1.55816171379962   -0.57583098001858   -2.33263972603686
O         1.48162815642984   -0.78498731341620    1.47403303619286
H         0.82570458942044   -0.07582516984902    1.65707220111269
H         1.53497934189082   -1.31220153826348    2.27240423327763
O        -0.46437178967112    1.00468185666292    1.96116646097853
H        -1.29964667490405    0.66638397774211    2.28787219619190
H        -0.67017674862268    1.42761114968812    1.09665736776545
O         0.83945964592067   -1.88224334934352   -0.89073464238511
H         1.05703305572344   -1.50343346076037   -0.01001763371444
H         1.67671427042990   -1.96813119410415   -1.34971502890329
